finish###loading
Company_names_picked
21712
start
(5598,)
20000103
20220331
NiuNiu
ATLANTIC AMERICAN CORP
(3833,)
20070111
20220331
NiuNiu
APPLE INC
(3266,)
20070111
20191231
NiuNiu
MOLSON COORS BREWING CO
(3077,)
20070111
20190402
NiuNiu
ACETO CORP
(3077,)
20070111
20190402
NiuNiu
ADAMS RESOURCES & ENERGY INC
(2869,)
20070111
20180604
NiuNiu
RELM WIRELESS CORP
(2435,)
20070111
20160912
NiuNiu
AMERICAN SCIENCE & ENGR INC
(2435,)
20070111
20160912
NiuNiu
AMERICAN EXPRESS CO
(2435,)
20070111
20160912
NiuNiu
AFLAC INC
(2386,)
20070111
20160701
NiuNiu
A G L RESOURCES INC
(2386,)
20070111
20160701
NiuNiu
AMERICAN INTERNATIONAL GROUP INC
(2386,)
20070111
20160701
NiuNiu
ALICO INC
(2386,)
20070111
20160701
NiuNiu
ANALOGIC CORP
(2386,)
20070111
20160701
NiuNiu
C E C O ENVIRONMENTAL CORP
(2386,)
20070111
20160701
NiuNiu
APPLIED MATERIALS INC
(2386,)
20070111
20160701
NiuNiu
ADVANCED MICRO DEVICES INC
(2386,)
20070111
20160701
NiuNiu
AMGEN INC
(2386,)
20070111
20160701
NiuNiu
NATURES SUNSHINE PRODUCTS INC
(2386,)
20070111
20160701
NiuNiu
AMERICAN NATIONAL INS CO
(2386,)
20070111
20160701
NiuNiu
ANALOG DEVICES INC
(2386,)
20070111
20160701
NiuNiu
APOGEE ENTERPRISES INC
(2386,)
20070111
20160701
NiuNiu
ACTUANT CORP
(2386,)
20070111
20160701
NiuNiu
ARTS WAY MANUFACTURING INC
(2386,)
20070111
20160701
NiuNiu
ASSOCIATED BANC CORP
(2386,)
20070111
20160701
NiuNiu
ACME UNITED CORP
(2168,)
20070111
20150820
NiuNiu
A S M INTERNATIONAL N V
(2168,)
20070111
20150820
NiuNiu
ATRION CORP
(2168,)
20070111
20150820
NiuNiu
ASTRONICS CORP
(2031,)
20070111
20150204
NiuNiu
CACHE INC
(2031,)
20070111
20150204
NiuNiu
ATWOOD OCEANICS INC
(2031,)
20070111
20150204
NiuNiu
A Z Z INC
(2031,)
20070111
20150204
NiuNiu
ROBERT HALF INTERNATIONAL INC
(2031,)
20070111
20150204
NiuNiu
POPULAR INC
common_date get
[20070402, 20070403, 20070404, 20070405, 20070409, 20070410, 20070411, 20070412, 20070413, 20070416, 20070417, 20070418, 20070419, 20070420, 20070423, 20070424, 20070425, 20070426, 20070427, 20070430, 20070501, 20070502, 20070503, 20070504, 20070507, 20070508, 20070509, 20070510, 20070511, 20070514, 20070515, 20070516, 20070517, 20070518, 20070521, 20070522, 20070523, 20070524, 20070525, 20070529, 20070530, 20070531, 20070601, 20070604, 20070605, 20070606, 20070607, 20070608, 20070611, 20070612, 20070613, 20070614, 20070615, 20070618, 20070619, 20070620, 20070621, 20070622, 20070625, 20070626, 20070627, 20070628, 20070629, 20070702, 20070703, 20070705, 20070706, 20070709, 20070710, 20070711, 20070712, 20070713, 20070716, 20070717, 20070718, 20070719, 20070720, 20070723, 20070724, 20070725, 20070726, 20070727, 20070730, 20070731, 20070801, 20070802, 20070803, 20070806, 20070807, 20070808, 20070809, 20070810, 20070813, 20070814, 20070815, 20070816, 20070817, 20070820, 20070821, 20070822, 20070823, 20070824, 20070827, 20070828, 20070829, 20070830, 20070831, 20070904, 20070905, 20070906, 20070907, 20070910, 20070911, 20070912, 20070913, 20070914, 20070917, 20070918, 20070919, 20070920, 20070921, 20070924, 20070925, 20070926, 20070927, 20070928, 20120103, 20120104, 20120105, 20120106, 20120109, 20120110, 20120111, 20120112, 20120113, 20120117, 20120118, 20120119, 20120120, 20120123, 20120124, 20120125, 20120126, 20120127, 20120130, 20120131, 20071001, 20071002, 20071003, 20071004, 20071005, 20071008, 20071009, 20071010, 20071011, 20071012, 20071015, 20071016, 20071017, 20071018, 20071019, 20071022, 20071023, 20071024, 20071025, 20071026, 20071029, 20071030, 20071031, 20120201, 20120202, 20120203, 20120206, 20120207, 20120208, 20120209, 20120210, 20120213, 20120214, 20120215, 20120216, 20120217, 20120221, 20120222, 20120223, 20120224, 20120227, 20120228, 20120229, 20071101, 20071102, 20071105, 20071106, 20071107, 20071108, 20071109, 20071112, 20071113, 20071114, 20071115, 20071116, 20071119, 20071120, 20071121, 20071123, 20071126, 20071127, 20071128, 20071129, 20071130, 20120301, 20120302, 20120305, 20120306, 20120307, 20120308, 20120309, 20120312, 20120313, 20120314, 20120315, 20120316, 20120319, 20120320, 20120321, 20120322, 20120323, 20120326, 20120327, 20120328, 20120329, 20120330, 20071203, 20071204, 20071205, 20071206, 20071207, 20071210, 20071211, 20071212, 20071213, 20071214, 20071217, 20071218, 20071219, 20071220, 20071221, 20071224, 20071226, 20071227, 20071228, 20071231, 20120402, 20120403, 20120404, 20120405, 20120409, 20120410, 20120411, 20120412, 20120413, 20120416, 20120417, 20120418, 20120419, 20120420, 20120423, 20120424, 20120425, 20120426, 20120427, 20120430, 20120501, 20120502, 20120503, 20120504, 20120507, 20120508, 20120509, 20120510, 20120511, 20120514, 20120515, 20120516, 20120517, 20120518, 20120521, 20120522, 20120523, 20120524, 20120525, 20120529, 20120530, 20120531, 20120601, 20120604, 20120605, 20120606, 20120607, 20120608, 20120611, 20120612, 20120613, 20120614, 20120615, 20120618, 20120619, 20120620, 20120621, 20120622, 20120625, 20120626, 20120627, 20120628, 20120629, 20120702, 20120703, 20120705, 20120706, 20120709, 20120710, 20120711, 20120712, 20120713, 20120716, 20120717, 20120718, 20120719, 20120720, 20120723, 20120724, 20120725, 20120726, 20120727, 20120730, 20120731, 20120801, 20120802, 20120803, 20120806, 20120807, 20120808, 20120809, 20120810, 20120813, 20120814, 20120815, 20120816, 20120817, 20120820, 20120821, 20120822, 20120823, 20120824, 20120827, 20120828, 20120829, 20120830, 20120831, 20120904, 20120905, 20120906, 20120907, 20120910, 20120911, 20120912, 20120913, 20120914, 20120917, 20120918, 20120919, 20120920, 20120921, 20120924, 20120925, 20120926, 20120927, 20120928, 20121001, 20121002, 20121003, 20121004, 20121005, 20121008, 20121009, 20121010, 20121011, 20121012, 20121015, 20121016, 20121017, 20121018, 20121019, 20121022, 20121023, 20121024, 20121025, 20121026, 20121031, 20080102, 20080103, 20080104, 20080107, 20080108, 20080109, 20080110, 20080111, 20080114, 20080115, 20080116, 20080117, 20080118, 20080122, 20080123, 20080124, 20080125, 20080128, 20080129, 20080130, 20080131, 20121101, 20121102, 20121105, 20121106, 20121107, 20121108, 20121109, 20121112, 20121113, 20121114, 20121115, 20121116, 20121119, 20121120, 20121121, 20121123, 20121126, 20121127, 20121128, 20121129, 20121130, 20080201, 20080204, 20080205, 20080206, 20080207, 20080208, 20080211, 20080212, 20080213, 20080214, 20080215, 20080219, 20080220, 20080221, 20080222, 20080225, 20080226, 20080227, 20080228, 20080229, 20121203, 20121204, 20121205, 20121206, 20121207, 20121210, 20121211, 20121212, 20121213, 20121214, 20121217, 20121218, 20121219, 20121220, 20121221, 20121224, 20121226, 20121227, 20121228, 20121231, 20080303, 20080304, 20080305, 20080306, 20080307, 20080310, 20080311, 20080312, 20080313, 20080314, 20080317, 20080318, 20080319, 20080320, 20080324, 20080325, 20080326, 20080327, 20080328, 20080331, 20080401, 20080402, 20080403, 20080404, 20080407, 20080408, 20080409, 20080410, 20080411, 20080414, 20080415, 20080416, 20080417, 20080418, 20080421, 20080422, 20080423, 20080424, 20080425, 20080428, 20080429, 20080430, 20080501, 20080502, 20080505, 20080506, 20080507, 20080508, 20080509, 20080512, 20080513, 20080514, 20080515, 20080516, 20080519, 20080520, 20080521, 20080522, 20080523, 20080527, 20080528, 20080529, 20080530, 20080602, 20080603, 20080604, 20080605, 20080606, 20080609, 20080610, 20080611, 20080612, 20080613, 20080616, 20080617, 20080618, 20080619, 20080620, 20080623, 20080624, 20080625, 20080626, 20080627, 20080630, 20080701, 20080702, 20080703, 20080707, 20080708, 20080709, 20080710, 20080711, 20080714, 20080715, 20080716, 20080717, 20080718, 20080721, 20080722, 20080723, 20080724, 20080725, 20080728, 20080729, 20080730, 20080731, 20080801, 20080804, 20080805, 20080806, 20080807, 20080808, 20080811, 20080812, 20080813, 20080814, 20080815, 20080818, 20080819, 20080820, 20080821, 20080822, 20080825, 20080826, 20080827, 20080828, 20080829, 20080902, 20080903, 20080904, 20080905, 20080908, 20080909, 20080910, 20080911, 20080912, 20080915, 20080916, 20080917, 20080918, 20080919, 20080922, 20080923, 20080924, 20080925, 20080926, 20080929, 20080930, 20130102, 20130103, 20130104, 20130107, 20130108, 20130109, 20130110, 20130111, 20130114, 20130115, 20130116, 20130117, 20130118, 20130122, 20130123, 20130124, 20130125, 20130128, 20130129, 20130130, 20130131, 20081001, 20081002, 20081003, 20081006, 20081007, 20081008, 20081009, 20081010, 20081013, 20081014, 20081015, 20081016, 20081017, 20081020, 20081021, 20081022, 20081023, 20081024, 20081027, 20081028, 20081029, 20081030, 20081031, 20130201, 20130204, 20130205, 20130206, 20130207, 20130208, 20130211, 20130212, 20130213, 20130214, 20130215, 20130219, 20130220, 20130221, 20130222, 20130225, 20130226, 20130227, 20130228, 20081103, 20081104, 20081105, 20081106, 20081107, 20081110, 20081111, 20081112, 20081113, 20081114, 20081117, 20081118, 20081119, 20081120, 20081121, 20081124, 20081125, 20081126, 20081128, 20130301, 20130304, 20130305, 20130306, 20130307, 20130308, 20130311, 20130312, 20130313, 20130314, 20130315, 20130318, 20130319, 20130320, 20130321, 20130322, 20130325, 20130326, 20130327, 20130328, 20081201, 20081202, 20081203, 20081204, 20081205, 20081208, 20081209, 20081210, 20081211, 20081212, 20081215, 20081216, 20081217, 20081218, 20081219, 20081222, 20081223, 20081224, 20081226, 20081229, 20081230, 20081231, 20130401, 20130402, 20130403, 20130404, 20130405, 20130408, 20130409, 20130410, 20130411, 20130412, 20130415, 20130416, 20130417, 20130418, 20130419, 20130422, 20130423, 20130424, 20130425, 20130426, 20130429, 20130430, 20130501, 20130502, 20130503, 20130506, 20130507, 20130508, 20130509, 20130510, 20130513, 20130514, 20130515, 20130516, 20130517, 20130520, 20130521, 20130522, 20130523, 20130524, 20130528, 20130529, 20130530, 20130531, 20130603, 20130604, 20130605, 20130606, 20130607, 20130610, 20130611, 20130612, 20130613, 20130614, 20130617, 20130618, 20130619, 20130620, 20130621, 20130624, 20130625, 20130626, 20130627, 20130628, 20130701, 20130702, 20130703, 20130705, 20130708, 20130709, 20130710, 20130711, 20130712, 20130715, 20130716, 20130717, 20130718, 20130719, 20130722, 20130723, 20130724, 20130725, 20130726, 20130729, 20130730, 20130731, 20130801, 20130802, 20130805, 20130806, 20130807, 20130808, 20130809, 20130812, 20130813, 20130814, 20130815, 20130816, 20130819, 20130820, 20130821, 20130822, 20130823, 20130826, 20130827, 20130828, 20130829, 20130830, 20130903, 20130904, 20130905, 20130906, 20130909, 20130910, 20130911, 20130912, 20130913, 20130916, 20130917, 20130918, 20130919, 20130920, 20130923, 20130924, 20130925, 20130926, 20130927, 20130930, 20131001, 20131002, 20131003, 20131004, 20131007, 20131008, 20131009, 20131010, 20131011, 20131014, 20131015, 20131016, 20131017, 20131018, 20131021, 20131022, 20131023, 20131024, 20131025, 20131028, 20131029, 20131030, 20131031, 20090102, 20090105, 20090106, 20090107, 20090108, 20090109, 20090112, 20090113, 20090114, 20090115, 20090116, 20090120, 20090121, 20090122, 20090123, 20090126, 20090127, 20090128, 20090129, 20090130, 20131101, 20131104, 20131105, 20131106, 20131107, 20131108, 20131111, 20131112, 20131113, 20131114, 20131115, 20131118, 20131119, 20131120, 20131121, 20131122, 20131125, 20131126, 20131127, 20131129, 20090202, 20090203, 20090204, 20090205, 20090206, 20090209, 20090210, 20090211, 20090212, 20090213, 20090217, 20090218, 20090219, 20090220, 20090223, 20090224, 20090225, 20090226, 20090227, 20131202, 20131203, 20131204, 20131205, 20131206, 20131209, 20131210, 20131211, 20131212, 20131213, 20131216, 20131217, 20131218, 20131219, 20131220, 20131223, 20131224, 20131226, 20131227, 20131230, 20131231, 20090302, 20090303, 20090304, 20090305, 20090306, 20090309, 20090310, 20090311, 20090312, 20090313, 20090316, 20090317, 20090318, 20090319, 20090320, 20090323, 20090324, 20090325, 20090326, 20090327, 20090330, 20090331, 20090401, 20090402, 20090403, 20090406, 20090407, 20090408, 20090409, 20090413, 20090414, 20090415, 20090416, 20090417, 20090420, 20090421, 20090422, 20090423, 20090424, 20090427, 20090428, 20090429, 20090430, 20090501, 20090504, 20090505, 20090506, 20090507, 20090508, 20090511, 20090512, 20090513, 20090514, 20090515, 20090518, 20090519, 20090520, 20090521, 20090522, 20090526, 20090527, 20090528, 20090529, 20090601, 20090602, 20090603, 20090604, 20090605, 20090608, 20090609, 20090610, 20090611, 20090612, 20090615, 20090616, 20090617, 20090618, 20090619, 20090622, 20090623, 20090624, 20090625, 20090626, 20090629, 20090630, 20090701, 20090702, 20090706, 20090707, 20090708, 20090709, 20090710, 20090713, 20090714, 20090715, 20090716, 20090717, 20090720, 20090721, 20090722, 20090723, 20090724, 20090727, 20090728, 20090729, 20090730, 20090731, 20090803, 20090804, 20090805, 20090806, 20090807, 20090810, 20090811, 20090812, 20090813, 20090814, 20090817, 20090818, 20090819, 20090820, 20090821, 20090824, 20090825, 20090826, 20090827, 20090828, 20090831, 20090901, 20090902, 20090903, 20090904, 20090908, 20090909, 20090910, 20090911, 20090914, 20090915, 20090916, 20090917, 20090918, 20090921, 20090922, 20090923, 20090924, 20090925, 20090928, 20090929, 20090930, 20140102, 20140103, 20140106, 20140107, 20140108, 20140109, 20140110, 20140113, 20140114, 20140115, 20140116, 20140117, 20140121, 20140122, 20140123, 20140124, 20140127, 20140128, 20140129, 20140130, 20140131, 20091001, 20091002, 20091005, 20091006, 20091007, 20091008, 20091009, 20091012, 20091013, 20091014, 20091015, 20091016, 20091019, 20091020, 20091021, 20091022, 20091023, 20091026, 20091027, 20091028, 20091029, 20091030, 20140203, 20140204, 20140205, 20140206, 20140207, 20140210, 20140211, 20140212, 20140213, 20140214, 20140218, 20140219, 20140220, 20140221, 20140224, 20140225, 20140226, 20140227, 20140228, 20091102, 20091103, 20091104, 20091105, 20091106, 20091109, 20091110, 20091111, 20091112, 20091113, 20091116, 20091117, 20091118, 20091119, 20091120, 20091123, 20091124, 20091125, 20091127, 20091130, 20140303, 20140304, 20140305, 20140306, 20140307, 20140310, 20140311, 20140312, 20140313, 20140314, 20140317, 20140318, 20140319, 20140320, 20140321, 20140324, 20140325, 20140326, 20140327, 20140328, 20140331, 20091201, 20091202, 20091203, 20091204, 20091207, 20091208, 20091209, 20091210, 20091211, 20091214, 20091215, 20091216, 20091217, 20091218, 20091221, 20091222, 20091223, 20091224, 20091228, 20091229, 20091230, 20091231, 20140401, 20140402, 20140403, 20140404, 20140407, 20140408, 20140409, 20140410, 20140411, 20140414, 20140415, 20140416, 20140417, 20140421, 20140422, 20140423, 20140424, 20140425, 20140428, 20140429, 20140430, 20140501, 20140502, 20140505, 20140506, 20140507, 20140508, 20140509, 20140512, 20140513, 20140514, 20140515, 20140516, 20140519, 20140520, 20140521, 20140522, 20140523, 20140527, 20140528, 20140529, 20140530, 20140602, 20140603, 20140604, 20140605, 20140606, 20140609, 20140610, 20140611, 20140612, 20140613, 20140616, 20140617, 20140618, 20140619, 20140620, 20140623, 20140624, 20140625, 20140626, 20140627, 20140630, 20140701, 20140702, 20140703, 20140707, 20140708, 20140709, 20140710, 20140711, 20140714, 20140715, 20140716, 20140717, 20140718, 20140721, 20140722, 20140723, 20140724, 20140725, 20140728, 20140729, 20140730, 20140731, 20140801, 20140804, 20140805, 20140806, 20140807, 20140808, 20140811, 20140812, 20140813, 20140814, 20140815, 20140818, 20140819, 20140820, 20140821, 20140822, 20140825, 20140826, 20140827, 20140828, 20140829, 20140902, 20140903, 20140904, 20140905, 20140908, 20140909, 20140910, 20140911, 20140912, 20140915, 20140916, 20140917, 20140918, 20140919, 20140922, 20140923, 20140924, 20140925, 20140926, 20140929, 20140930, 20141001, 20141002, 20141003, 20141006, 20141007, 20141008, 20141009, 20141010, 20141013, 20141014, 20141015, 20141016, 20141017, 20141020, 20141021, 20141022, 20141023, 20141024, 20141027, 20141028, 20141029, 20141030, 20141031, 20100104, 20100105, 20100106, 20100107, 20100108, 20100111, 20100112, 20100113, 20100114, 20100115, 20100119, 20100120, 20100121, 20100122, 20100125, 20100126, 20100127, 20100128, 20100129, 20141103, 20141104, 20141105, 20141106, 20141107, 20141110, 20141111, 20141112, 20141113, 20141114, 20141117, 20141118, 20141119, 20141120, 20141121, 20141124, 20141125, 20141126, 20141128, 20100201, 20100202, 20100203, 20100204, 20100205, 20100208, 20100209, 20100210, 20100211, 20100212, 20100216, 20100217, 20100218, 20100219, 20100222, 20100223, 20100224, 20100225, 20100226, 20141201, 20141202, 20141203, 20141204, 20141205, 20141208, 20141209, 20141210, 20141211, 20141212, 20141215, 20141216, 20141217, 20141218, 20141219, 20141222, 20141223, 20141224, 20141226, 20141229, 20141230, 20141231, 20100301, 20100302, 20100303, 20100304, 20100305, 20100308, 20100309, 20100310, 20100311, 20100312, 20100315, 20100316, 20100317, 20100318, 20100319, 20100322, 20100323, 20100324, 20100325, 20100326, 20100329, 20100330, 20100331, 20100401, 20100405, 20100406, 20100407, 20100408, 20100409, 20100412, 20100413, 20100414, 20100415, 20100416, 20100419, 20100420, 20100421, 20100422, 20100423, 20100426, 20100427, 20100428, 20100429, 20100430, 20100503, 20100504, 20100505, 20100506, 20100507, 20100510, 20100511, 20100512, 20100513, 20100514, 20100517, 20100518, 20100519, 20100520, 20100521, 20100524, 20100525, 20100526, 20100527, 20100528, 20100601, 20100602, 20100603, 20100604, 20100607, 20100608, 20100609, 20100610, 20100611, 20100614, 20100615, 20100616, 20100617, 20100618, 20100621, 20100622, 20100623, 20100624, 20100625, 20100628, 20100629, 20100630, 20100701, 20100702, 20100706, 20100707, 20100708, 20100709, 20100712, 20100713, 20100714, 20100715, 20100716, 20100719, 20100720, 20100721, 20100722, 20100723, 20100726, 20100727, 20100728, 20100729, 20100730, 20100802, 20100803, 20100804, 20100805, 20100806, 20100809, 20100810, 20100811, 20100812, 20100813, 20100816, 20100817, 20100818, 20100819, 20100820, 20100823, 20100824, 20100825, 20100826, 20100827, 20100830, 20100831, 20100901, 20100902, 20100903, 20100907, 20100908, 20100909, 20100910, 20100913, 20100914, 20100915, 20100916, 20100917, 20100920, 20100921, 20100922, 20100923, 20100924, 20100927, 20100928, 20100929, 20100930, 20150102, 20150105, 20150106, 20150107, 20150108, 20150109, 20150112, 20150113, 20150114, 20150115, 20150116, 20150120, 20150121, 20150122, 20150123, 20150126, 20150127, 20150128, 20150129, 20150130, 20101001, 20101004, 20101005, 20101006, 20101007, 20101008, 20101011, 20101012, 20101013, 20101014, 20101015, 20101018, 20101019, 20101020, 20101021, 20101022, 20101025, 20101026, 20101027, 20101028, 20101029, 20150202, 20150203, 20150204, 20101101, 20101102, 20101103, 20101104, 20101105, 20101108, 20101109, 20101110, 20101111, 20101112, 20101115, 20101116, 20101117, 20101118, 20101119, 20101122, 20101123, 20101124, 20101126, 20101129, 20101130, 20101201, 20101202, 20101203, 20101206, 20101207, 20101208, 20101209, 20101210, 20101213, 20101214, 20101215, 20101216, 20101217, 20101220, 20101221, 20101222, 20101223, 20101227, 20101228, 20101229, 20101230, 20101231, 20110103, 20110104, 20110105, 20110106, 20110107, 20110110, 20110111, 20110112, 20110113, 20110114, 20110118, 20110119, 20110120, 20110121, 20110124, 20110125, 20110126, 20110127, 20110128, 20110131, 20110201, 20110202, 20110203, 20110204, 20110207, 20110208, 20110209, 20110210, 20110211, 20110214, 20110215, 20110216, 20110217, 20110218, 20110222, 20110223, 20110224, 20110225, 20110228, 20110301, 20110302, 20110303, 20110304, 20110307, 20110308, 20110309, 20110310, 20110311, 20110314, 20110315, 20110316, 20110317, 20110318, 20110321, 20110322, 20110323, 20110324, 20110325, 20110328, 20110329, 20110330, 20110331, 20110401, 20110404, 20110405, 20110406, 20110407, 20110408, 20110411, 20110412, 20110413, 20110414, 20110415, 20110418, 20110419, 20110420, 20110421, 20110425, 20110426, 20110427, 20110428, 20110429, 20110502, 20110503, 20110504, 20110505, 20110506, 20110509, 20110510, 20110511, 20110512, 20110513, 20110516, 20110517, 20110518, 20110519, 20110520, 20110523, 20110524, 20110525, 20110526, 20110527, 20110531, 20110601, 20110602, 20110603, 20110606, 20110607, 20110608, 20110609, 20110610, 20110613, 20110614, 20110615, 20110616, 20110617, 20110620, 20110621, 20110622, 20110623, 20110624, 20110627, 20110628, 20110629, 20110630, 20110701, 20110705, 20110706, 20110707, 20110708, 20110711, 20110712, 20110713, 20110714, 20110715, 20110718, 20110719, 20110720, 20110721, 20110722, 20110725, 20110726, 20110727, 20110728, 20110729, 20110801, 20110802, 20110803, 20110804, 20110805, 20110808, 20110809, 20110810, 20110811, 20110812, 20110815, 20110816, 20110817, 20110818, 20110819, 20110822, 20110823, 20110824, 20110825, 20110826, 20110829, 20110830, 20110831, 20110901, 20110902, 20110906, 20110907, 20110908, 20110909, 20110912, 20110913, 20110914, 20110915, 20110916, 20110919, 20110920, 20110921, 20110922, 20110923, 20110926, 20110927, 20110928, 20110929, 20110930, 20111003, 20111004, 20111005, 20111006, 20111007, 20111010, 20111011, 20111012, 20111013, 20111014, 20111017, 20111018, 20111019, 20111020, 20111021, 20111024, 20111025, 20111026, 20111027, 20111028, 20111031, 20070111, 20070112, 20070116, 20070117, 20070118, 20070119, 20070122, 20070123, 20070124, 20070125, 20070126, 20070129, 20070130, 20070131, 20111101, 20111102, 20111103, 20111104, 20111107, 20111108, 20111109, 20111110, 20111111, 20111114, 20111115, 20111116, 20111117, 20111118, 20111121, 20111122, 20111123, 20111125, 20111128, 20111129, 20111130, 20070201, 20070202, 20070205, 20070206, 20070207, 20070208, 20070209, 20070212, 20070213, 20070214, 20070215, 20070216, 20070220, 20070221, 20070222, 20070223, 20070226, 20070227, 20070228, 20111201, 20111202, 20111205, 20111206, 20111207, 20111208, 20111209, 20111212, 20111213, 20111214, 20111215, 20111216, 20111219, 20111220, 20111221, 20111222, 20111223, 20111227, 20111228, 20111229, 20111230, 20070301, 20070302, 20070305, 20070306, 20070307, 20070308, 20070309, 20070312, 20070313, 20070314, 20070315, 20070316, 20070319, 20070320, 20070321, 20070322, 20070323, 20070326, 20070327, 20070328, 20070329, 20070330]
finish_date_selection
std size
(2031,)
      PERMNO      date                  COMNAM  ...     PRC   ASK  OPENPRC
1765   15580  20070111  ATLANTIC AMERICAN CORP  ...  3.1800  3.22   3.7400
1766   15580  20070112  ATLANTIC AMERICAN CORP  ...  3.4100  3.43   3.1500
1767   15580  20070116  ATLANTIC AMERICAN CORP  ...  3.3300  3.34   3.3800
1768   15580  20070117  ATLANTIC AMERICAN CORP  ...  3.4300  3.43   3.4900
1769   15580  20070118  ATLANTIC AMERICAN CORP  ... -3.3450  3.39      NaN
...      ...       ...                     ...  ...     ...   ...      ...
3791   15580  20150129  ATLANTIC AMERICAN CORP  ...  3.9000  3.90   3.9000
3792   15580  20150130  ATLANTIC AMERICAN CORP  ...  3.9900  3.99   3.7901
3793   15580  20150202  ATLANTIC AMERICAN CORP  ...  3.9900  3.99   3.9700
3794   15580  20150203  ATLANTIC AMERICAN CORP  ...  3.9114  3.99   3.9000
3795   15580  20150204  ATLANTIC AMERICAN CORP  ...  3.9700  3.97   3.9900

[2031 rows x 8 columns]
      PERMNO      date     COMNAM TRDSTAT  PERMCO     PRC     ASK  OPENPRC
7363   14593  20070111  APPLE INC       A       7   95.80   95.84   95.970
7364   14593  20070112  APPLE INC       A       7   94.62   94.69   94.590
7365   14593  20070116  APPLE INC       A       7   97.10   97.06   95.685
7366   14593  20070117  APPLE INC       A       7   94.95   95.02   97.570
7367   14593  20070118  APPLE INC       A       7   89.07   89.08   92.095
...      ...       ...        ...     ...     ...     ...     ...      ...
9389   14593  20150129  APPLE INC       A       7  118.90  118.94  116.320
9390   14593  20150130  APPLE INC       A       7  117.16  117.21  118.400
9391   14593  20150202  APPLE INC       A       7  118.63  118.62  118.050
9392   14593  20150203  APPLE INC       A       7  118.65  118.60  118.500
9393   14593  20150204  APPLE INC       A       7  119.56  119.55  118.500

[2031 rows x 8 columns]
       PERMNO      date      COMNAM TRDSTAT  PERMCO    PRC    ASK  OPENPRC
30515   10656  20070111  ACETO CORP       A      37   9.10   9.10     8.97
30516   10656  20070112  ACETO CORP       A      37   9.36   9.40     9.13
30517   10656  20070116  ACETO CORP       A      37   9.50   9.50     9.47
30518   10656  20070117  ACETO CORP       A      37   9.50   9.50     9.50
30519   10656  20070118  ACETO CORP       A      37   9.46   9.46     9.53
...       ...       ...         ...     ...     ...    ...    ...      ...
32541   10656  20150129  ACETO CORP       A      37  20.26  20.26    19.93
32542   10656  20150130  ACETO CORP       A      37  19.40  19.40    20.04
32543   10656  20150202  ACETO CORP       A      37  19.96  19.99    19.40
32544   10656  20150203  ACETO CORP       A      37  20.64  20.64    20.13
32545   10656  20150204  ACETO CORP       A      37  20.44  20.44    20.48

[2031 rows x 8 columns]
       PERMNO      date                        COMNAM  ...    PRC    ASK  OPENPRC
36840   61487  20070111  ADAMS RESOURCES & ENERGY INC  ...  27.85  28.20   28.610
36841   61487  20070112  ADAMS RESOURCES & ENERGY INC  ...  27.31  27.40   28.000
36842   61487  20070116  ADAMS RESOURCES & ENERGY INC  ...  27.00  27.05   27.080
36843   61487  20070117  ADAMS RESOURCES & ENERGY INC  ...  27.24  27.34   27.050
36844   61487  20070118  ADAMS RESOURCES & ENERGY INC  ...  27.50  27.69   27.430
...       ...       ...                           ...  ...    ...    ...      ...
38866   61487  20150129  ADAMS RESOURCES & ENERGY INC  ...  59.00  58.67   58.858
38867   61487  20150130  ADAMS RESOURCES & ENERGY INC  ...  58.04  58.43   58.810
38868   61487  20150202  ADAMS RESOURCES & ENERGY INC  ...  58.86  58.86   58.060
38869   61487  20150203  ADAMS RESOURCES & ENERGY INC  ...  59.93  59.93   58.860
38870   61487  20150204  ADAMS RESOURCES & ENERGY INC  ...  61.13  61.87   59.890

[2031 rows x 8 columns]
       PERMNO      date              COMNAM  ...     PRC   ASK  OPENPRC
43368   10779  20070111  RELM WIRELESS CORP  ...  6.0900  6.16   6.1500
43369   10779  20070112  RELM WIRELESS CORP  ...  6.3000  6.32   6.1400
43370   10779  20070116  RELM WIRELESS CORP  ...  6.4300  6.42   6.6000
43371   10779  20070117  RELM WIRELESS CORP  ...  6.2100  6.24   6.2500
43372   10779  20070118  RELM WIRELESS CORP  ...  6.2400  6.24   6.2300
...       ...       ...                 ...  ...     ...   ...      ...
45394   10779  20150129  RELM WIRELESS CORP  ...  5.1900  5.25   5.1800
45395   10779  20150130  RELM WIRELESS CORP  ...  5.3894  5.39   5.2500
45396   10779  20150202  RELM WIRELESS CORP  ...  5.3000  5.30   5.3500
45397   10779  20150203  RELM WIRELESS CORP  ...  5.2900  5.37   5.0000
45398   10779  20150204  RELM WIRELESS CORP  ...  5.4400  5.47   5.0201

[2031 rows x 8 columns]
       PERMNO      date                       COMNAM  ...    PRC    ASK  OPENPRC
48966   58560  20070111  AMERICAN SCIENCE & ENGR INC  ...  58.25  58.27    57.19
48967   58560  20070112  AMERICAN SCIENCE & ENGR INC  ...  58.80  58.80    58.41
48968   58560  20070116  AMERICAN SCIENCE & ENGR INC  ...  57.77  57.78    59.16
48969   58560  20070117  AMERICAN SCIENCE & ENGR INC  ...  57.28  57.28    57.85
48970   58560  20070118  AMERICAN SCIENCE & ENGR INC  ...  56.55  56.58    57.00
...       ...       ...                          ...  ...    ...    ...      ...
50992   58560  20150129  AMERICAN SCIENCE & ENGR INC  ...  48.01  48.02    46.99
50993   58560  20150130  AMERICAN SCIENCE & ENGR INC  ...  46.40  46.49    47.62
50994   58560  20150202  AMERICAN SCIENCE & ENGR INC  ...  47.42  47.43    46.47
50995   58560  20150203  AMERICAN SCIENCE & ENGR INC  ...  49.16  49.16    47.55
50996   58560  20150204  AMERICAN SCIENCE & ENGR INC  ...  49.06  49.06    49.06

[2031 rows x 8 columns]
       PERMNO      date               COMNAM  ...    PRC    ASK  OPENPRC
53166   59176  20070111  AMERICAN EXPRESS CO  ...  59.45  59.40    59.25
53167   59176  20070112  AMERICAN EXPRESS CO  ...  59.01  59.05    59.35
53168   59176  20070116  AMERICAN EXPRESS CO  ...  59.13  59.18    58.85
53169   59176  20070117  AMERICAN EXPRESS CO  ...  59.22  59.26    59.16
53170   59176  20070118  AMERICAN EXPRESS CO  ...  59.00  58.97    58.50
...       ...       ...                  ...  ...    ...    ...      ...
55192   59176  20150129  AMERICAN EXPRESS CO  ...  82.00  82.00    82.07
55193   59176  20150130  AMERICAN EXPRESS CO  ...  80.69  80.70    82.12
55194   59176  20150202  AMERICAN EXPRESS CO  ...  82.13  82.16    80.96
55195   59176  20150203  AMERICAN EXPRESS CO  ...  83.73  83.72    82.58
55196   59176  20150204  AMERICAN EXPRESS CO  ...  83.61  83.62    83.50

[2031 rows x 8 columns]
       PERMNO      date     COMNAM TRDSTAT  PERMCO    PRC    ASK  OPENPRC
58764   57904  20070111  AFLAC INC       A      92  47.95  47.94    47.00
58765   57904  20070112  AFLAC INC       A      92  48.39  48.41    47.43
58766   57904  20070116  AFLAC INC       A      92  48.58  48.55    48.60
58767   57904  20070117  AFLAC INC       A      92  48.06  48.06    48.44
58768   57904  20070118  AFLAC INC       A      92  47.93  47.92    48.30
...       ...       ...        ...     ...     ...    ...    ...      ...
60790   57904  20150129  AFLAC INC       A      92  57.65  57.67    57.42
60791   57904  20150130  AFLAC INC       A      92  57.08  57.07    57.10
60792   57904  20150202  AFLAC INC       A      92  58.17  58.19    56.90
60793   57904  20150203  AFLAC INC       A      92  59.09  59.11    58.55
60794   57904  20150204  AFLAC INC       A      92  60.68  60.69    60.02

[2031 rows x 8 columns]
       PERMNO      date               COMNAM  ...    PRC    ASK  OPENPRC
64362   15553  20070111  A G L RESOURCES INC  ...  39.06  39.05    39.21
64363   15553  20070112  A G L RESOURCES INC  ...  39.00  39.00    39.14
64364   15553  20070116  A G L RESOURCES INC  ...  38.90  38.89    38.98
64365   15553  20070117  A G L RESOURCES INC  ...  38.81  38.80    38.75
64366   15553  20070118  A G L RESOURCES INC  ...  38.55  38.58    38.90
...       ...       ...                  ...  ...    ...    ...      ...
66388   15553  20150129  A G L RESOURCES INC  ...  57.02  57.05    56.66
66389   15553  20150130  A G L RESOURCES INC  ...  56.38  56.38    56.76
66390   15553  20150202  A G L RESOURCES INC  ...  57.06  57.05    56.35
66391   15553  20150203  A G L RESOURCES INC  ...  57.19  57.22    56.85
66392   15553  20150204  A G L RESOURCES INC  ...  56.52  56.55    56.93

[2031 rows x 8 columns]
       PERMNO      date  ...    ASK OPENPRC
72465   66800  20070111  ...  71.24   71.63
72466   66800  20070112  ...  71.11   71.30
72467   66800  20070116  ...  71.17   71.22
72468   66800  20070117  ...  71.41   71.48
72469   66800  20070118  ...  70.94   70.63
...       ...       ...  ...    ...     ...
74491   66800  20150129  ...  49.26   49.37
74492   66800  20150130  ...  48.88   48.90
74493   66800  20150202  ...  50.48   49.03
74494   66800  20150203  ...  51.34   50.80
74495   66800  20150204  ...  51.52   51.07

[2031 rows x 8 columns]
       PERMNO      date     COMNAM TRDSTAT  PERMCO    PRC    ASK  OPENPRC
78495   11790  20070111  ALICO INC       A     153  47.56  47.65    47.73
78496   11790  20070112  ALICO INC       A     153  47.54  47.54    47.44
78497   11790  20070116  ALICO INC       A     153  47.59  47.60    47.60
78498   11790  20070117  ALICO INC       A     153  48.38  48.39    47.68
78499   11790  20070118  ALICO INC       A     153  49.57  49.58    48.75
...       ...       ...        ...     ...     ...    ...    ...      ...
80521   11790  20150129  ALICO INC       A     153  50.32  50.35    50.30
80522   11790  20150130  ALICO INC       A     153  47.54  47.67    50.00
80523   11790  20150202  ALICO INC       A     153  47.04  47.28    48.16
80524   11790  20150203  ALICO INC       A     153  47.01  47.11    47.02
80525   11790  20150204  ALICO INC       A     153  47.34  47.37    46.70

[2031 rows x 8 columns]
       PERMNO      date         COMNAM TRDSTAT  PERMCO    PRC    ASK  OPENPRC
91735   14198  20070111  ANALOGIC CORP       A     173  54.90  54.90    54.20
91736   14198  20070112  ANALOGIC CORP       A     173  55.36  55.36    54.95
91737   14198  20070116  ANALOGIC CORP       A     173  54.43  54.43    55.49
91738   14198  20070117  ANALOGIC CORP       A     173  54.40  54.40    54.07
91739   14198  20070118  ANALOGIC CORP       A     173  53.94  53.94    54.14
...       ...       ...            ...     ...     ...    ...    ...      ...
93761   14198  20150129  ANALOGIC CORP       A     173  85.46  85.46    86.34
93762   14198  20150130  ANALOGIC CORP       A     173  81.53  81.66    84.85
93763   14198  20150202  ANALOGIC CORP       A     173  81.50  81.61    81.55
93764   14198  20150203  ANALOGIC CORP       A     173  83.21  83.21    82.20
93765   14198  20150204  ANALOGIC CORP       A     173  83.67  83.78    82.51

[2031 rows x 8 columns]
       PERMNO      date                      COMNAM  ...    PRC    ASK  OPENPRC
96384   11499  20070111  C E C O ENVIRONMENTAL CORP  ...  10.24  10.25    10.20
96385   11499  20070112  C E C O ENVIRONMENTAL CORP  ...  10.23  10.23    10.36
96386   11499  20070116  C E C O ENVIRONMENTAL CORP  ...  11.09  11.08    10.30
96387   11499  20070117  C E C O ENVIRONMENTAL CORP  ...  11.45  11.44    11.09
96388   11499  20070118  C E C O ENVIRONMENTAL CORP  ...  11.37  11.39    11.45
...       ...       ...                         ...  ...    ...    ...      ...
98410   11499  20150129  C E C O ENVIRONMENTAL CORP  ...  13.92  13.94    13.64
98411   11499  20150130  C E C O ENVIRONMENTAL CORP  ...  13.72  13.74    13.77
98412   11499  20150202  C E C O ENVIRONMENTAL CORP  ...  14.32  14.32    13.75
98413   11499  20150203  C E C O ENVIRONMENTAL CORP  ...  14.58  14.59    14.38
98414   11499  20150204  C E C O ENVIRONMENTAL CORP  ...  14.37  14.38    14.47

[2031 rows x 8 columns]
        PERMNO      date                 COMNAM  ...     PRC    ASK  OPENPRC
103231   14702  20070111  APPLIED MATERIALS INC  ...  19.530  19.54   19.495
103232   14702  20070112  APPLIED MATERIALS INC  ...  19.500  19.51   19.360
103233   14702  20070116  APPLIED MATERIALS INC  ...  19.480  19.48   19.530
103234   14702  20070117  APPLIED MATERIALS INC  ...  19.400  19.42   19.350
103235   14702  20070118  APPLIED MATERIALS INC  ...  18.250  18.25   18.588
...        ...       ...                    ...  ...     ...    ...      ...
105257   14702  20150129  APPLIED MATERIALS INC  ...  23.620  23.63   23.370
105258   14702  20150130  APPLIED MATERIALS INC  ...  22.840  22.85   23.390
105259   14702  20150202  APPLIED MATERIALS INC  ...  22.855  22.86   22.920
105260   14702  20150203  APPLIED MATERIALS INC  ...  23.450  23.45   22.870
105261   14702  20150204  APPLIED MATERIALS INC  ...  23.620  23.63   23.460

[2031 rows x 8 columns]
        PERMNO      date                      COMNAM  ...    PRC    ASK  OPENPRC
109370   61241  20070111  ADVANCED MICRO DEVICES INC  ...  20.18  20.22    19.80
109371   61241  20070112  ADVANCED MICRO DEVICES INC  ...  18.26  18.28    18.63
109372   61241  20070116  ADVANCED MICRO DEVICES INC  ...  18.13  18.20    18.15
109373   61241  20070117  ADVANCED MICRO DEVICES INC  ...  18.20  18.15    17.90
109374   61241  20070118  ADVANCED MICRO DEVICES INC  ...  17.92  17.92    18.07
...        ...       ...                         ...  ...    ...    ...      ...
111396   61241  20150129  ADVANCED MICRO DEVICES INC  ...   2.61   2.61     2.63
111397   61241  20150130  ADVANCED MICRO DEVICES INC  ...   2.57   2.57     2.56
111398   61241  20150202  ADVANCED MICRO DEVICES INC  ...   2.67   2.67     2.69
111399   61241  20150203  ADVANCED MICRO DEVICES INC  ...   2.76   2.77     2.70
111400   61241  20150204  ADVANCED MICRO DEVICES INC  ...   2.85   2.86     2.78

[2031 rows x 8 columns]
        PERMNO      date     COMNAM  ...        PRC        ASK    OPENPRC
114968   14008  20070111  AMGEN INC  ...   71.91000   71.90000   71.16000
114969   14008  20070112  AMGEN INC  ...   73.27000   73.26000   72.02000
114970   14008  20070116  AMGEN INC  ...   73.50000   73.47000   73.25500
114971   14008  20070117  AMGEN INC  ...   73.93000   73.96000   73.50000
114972   14008  20070118  AMGEN INC  ...   73.69000   73.69000   74.10000
...        ...       ...        ...  ...        ...        ...        ...
116994   14008  20150129  AMGEN INC  ...  156.37000  156.37000  154.89000
116995   14008  20150130  AMGEN INC  ...  152.25999  152.36000  155.55000
116996   14008  20150202  AMGEN INC  ...  152.50000  152.50999  153.41000
116997   14008  20150203  AMGEN INC  ...  152.23000  152.24001  153.75999
116998   14008  20150204  AMGEN INC  ...  151.45000  151.48000  150.13000

[2031 rows x 8 columns]
        PERMNO      date                         COMNAM  ...    PRC    ASK  OPENPRC
124937   56945  20070111  NATURES SUNSHINE PRODUCTS INC  ...    NaN    NaN      NaN
124938   56945  20070112  NATURES SUNSHINE PRODUCTS INC  ...    NaN    NaN      NaN
124939   56945  20070116  NATURES SUNSHINE PRODUCTS INC  ...    NaN    NaN      NaN
124940   56945  20070117  NATURES SUNSHINE PRODUCTS INC  ...    NaN    NaN      NaN
124941   56945  20070118  NATURES SUNSHINE PRODUCTS INC  ...    NaN    NaN      NaN
...        ...       ...                            ...  ...    ...    ...      ...
126963   56945  20150129  NATURES SUNSHINE PRODUCTS INC  ...  14.60  14.87    14.28
126964   56945  20150130  NATURES SUNSHINE PRODUCTS INC  ...  13.83  13.99    14.44
126965   56945  20150202  NATURES SUNSHINE PRODUCTS INC  ...  14.11  14.14    13.77
126966   56945  20150203  NATURES SUNSHINE PRODUCTS INC  ...  14.03  13.99    14.12
126967   56945  20150204  NATURES SUNSHINE PRODUCTS INC  ...  13.91  13.91    13.98

[2031 rows x 8 columns]
        PERMNO      date                    COMNAM  ...     PRC     ASK  OPENPRC
130535   13507  20070111  AMERICAN NATIONAL INS CO  ...  115.75  115.85   115.34
130536   13507  20070112  AMERICAN NATIONAL INS CO  ...  117.17  117.00   115.80
130537   13507  20070116  AMERICAN NATIONAL INS CO  ...  120.36  120.38   117.85
130538   13507  20070117  AMERICAN NATIONAL INS CO  ...  120.59  120.59   120.01
130539   13507  20070118  AMERICAN NATIONAL INS CO  ...  120.71  120.89   120.22
...        ...       ...                       ...  ...     ...     ...      ...
132561   13507  20150129  AMERICAN NATIONAL INS CO  ...  105.84  105.85   104.25
132562   13507  20150130  AMERICAN NATIONAL INS CO  ...  104.04  104.04   105.10
132563   13507  20150202  AMERICAN NATIONAL INS CO  ...  104.51  104.65   103.69
132564   13507  20150203  AMERICAN NATIONAL INS CO  ...  105.39  105.84   105.93
132565   13507  20150204  AMERICAN NATIONAL INS CO  ...  106.14  106.16   106.04

[2031 rows x 8 columns]
        PERMNO      date              COMNAM  ...     PRC    ASK  OPENPRC
146003   60871  20070111  ANALOG DEVICES INC  ...  33.890  33.87    33.82
146004   60871  20070112  ANALOG DEVICES INC  ...  33.940  33.99    33.55
146005   60871  20070116  ANALOG DEVICES INC  ...  33.770  33.74    33.88
146006   60871  20070117  ANALOG DEVICES INC  ...  33.230  33.27    33.46
146007   60871  20070118  ANALOG DEVICES INC  ...  32.690  32.72    33.20
...        ...       ...                 ...  ...     ...    ...      ...
148029   60871  20150129  ANALOG DEVICES INC  ...  53.230  53.22    52.99
148030   60871  20150130  ANALOG DEVICES INC  ...  52.105  52.11    52.82
148031   60871  20150202  ANALOG DEVICES INC  ...  52.295  52.30    52.10
148032   60871  20150203  ANALOG DEVICES INC  ...  53.970  53.98    52.59
148033   60871  20150204  ANALOG DEVICES INC  ...  53.780  53.78    53.64

[2031 rows x 8 columns]
        PERMNO      date                  COMNAM  ...    PRC    ASK  OPENPRC
162928   14526  20070111  APOGEE ENTERPRISES INC  ...  18.20  18.25    18.50
162929   14526  20070112  APOGEE ENTERPRISES INC  ...  18.19  18.19    18.20
162930   14526  20070116  APOGEE ENTERPRISES INC  ...  18.19  18.19    18.26
162931   14526  20070117  APOGEE ENTERPRISES INC  ...  18.79  18.78    18.12
162932   14526  20070118  APOGEE ENTERPRISES INC  ...  18.69  18.68    18.75
...        ...       ...                     ...  ...    ...    ...      ...
164954   14526  20150129  APOGEE ENTERPRISES INC  ...  44.22  44.23    43.55
164955   14526  20150130  APOGEE ENTERPRISES INC  ...  43.26  43.26    43.82
164956   14526  20150202  APOGEE ENTERPRISES INC  ...  44.59  44.59    43.52
164957   14526  20150203  APOGEE ENTERPRISES INC  ...  45.29  45.29    44.47
164958   14526  20150204  APOGEE ENTERPRISES INC  ...  44.50  44.50    44.91

[2031 rows x 8 columns]
        PERMNO      date        COMNAM TRDSTAT  PERMCO    PRC    ASK  OPENPRC
168526   11581  20070111  ACTUANT CORP       A     323  47.00  47.00    46.73
168527   11581  20070112  ACTUANT CORP       A     323  47.00  47.01    46.84
168528   11581  20070116  ACTUANT CORP       A     323  47.37  47.37    47.30
168529   11581  20070117  ACTUANT CORP       A     323  47.75  47.77    47.27
168530   11581  20070118  ACTUANT CORP       A     323  47.23  47.28    47.75
...        ...       ...           ...     ...     ...    ...    ...      ...
170552   11581  20150129  ACTUANT CORP       A     323  23.54  23.55    23.24
170553   11581  20150130  ACTUANT CORP       A     323  23.11  23.11    23.44
170554   11581  20150202  ACTUANT CORP       A     323  23.70  23.72    23.17
170555   11581  20150203  ACTUANT CORP       A     323  24.44  24.45    23.84
170556   11581  20150204  ACTUANT CORP       A     323  23.50  23.51    24.27

[2031 rows x 8 columns]
        PERMNO      date                      COMNAM  ...     PRC   ASK  OPENPRC
185192   15203  20070111  ARTS WAY MANUFACTURING INC  ...  7.1000  7.10   7.3200
185193   15203  20070112  ARTS WAY MANUFACTURING INC  ...  7.1000  7.10   7.1000
185194   15203  20070116  ARTS WAY MANUFACTURING INC  ...  7.0400  7.06   7.1000
185195   15203  20070117  ARTS WAY MANUFACTURING INC  ...  7.0499  7.06   6.7800
185196   15203  20070118  ARTS WAY MANUFACTURING INC  ... -6.9400  7.05      NaN
...        ...       ...                         ...  ...     ...   ...      ...
187218   15203  20150129  ARTS WAY MANUFACTURING INC  ...  4.8750  4.98   4.8750
187219   15203  20150130  ARTS WAY MANUFACTURING INC  ...  4.8200  4.84   4.8101
187220   15203  20150202  ARTS WAY MANUFACTURING INC  ...  4.8001  4.80   4.8180
187221   15203  20150203  ARTS WAY MANUFACTURING INC  ...  4.7676  4.87   4.7901
187222   15203  20150204  ARTS WAY MANUFACTURING INC  ...  4.7000  4.83   4.7800

[2031 rows x 8 columns]
        PERMNO      date                COMNAM  ...    PRC    ASK  OPENPRC
190790   15318  20070111  ASSOCIATED BANC CORP  ...  34.81  34.81    34.74
190791   15318  20070112  ASSOCIATED BANC CORP  ...  34.76  34.76    34.76
190792   15318  20070116  ASSOCIATED BANC CORP  ...  34.74  34.75    34.69
190793   15318  20070117  ASSOCIATED BANC CORP  ...  34.42  34.45    34.64
190794   15318  20070118  ASSOCIATED BANC CORP  ...  34.19  34.24    34.36
...        ...       ...                   ...  ...    ...    ...      ...
192816   15318  20150129  ASSOCIATED BANC CORP  ...  17.01  17.01    16.71
192817   15318  20150130  ASSOCIATED BANC CORP  ...  16.81  16.81    16.75
192818   15318  20150202  ASSOCIATED BANC CORP  ...  17.24  17.23    16.90
192819   15318  20150203  ASSOCIATED BANC CORP  ...  17.64  17.65    17.80
192820   15318  20150204  ASSOCIATED BANC CORP  ...  17.58  17.58    17.64

[2031 rows x 8 columns]
        PERMNO      date            COMNAM  ...      PRC    ASK  OPENPRC
196389   60038  20070111  ACME UNITED CORP  ...  14.3500  14.35   14.350
196390   60038  20070112  ACME UNITED CORP  ...  14.4200  14.42   14.200
196391   60038  20070116  ACME UNITED CORP  ...  14.4300  14.48   14.420
196392   60038  20070117  ACME UNITED CORP  ...  14.4500  14.45   14.330
196393   60038  20070118  ACME UNITED CORP  ...  14.4500  14.45   14.400
...        ...       ...               ...  ...      ...    ...      ...
198415   60038  20150129  ACME UNITED CORP  ...  18.7500  19.12   19.120
198416   60038  20150130  ACME UNITED CORP  ...  18.8995  19.12   18.800
198417   60038  20150202  ACME UNITED CORP  ...  18.6625  19.12   18.689
198418   60038  20150203  ACME UNITED CORP  ...  19.1200  19.10   18.680
198419   60038  20150204  ACME UNITED CORP  ...  18.7300  19.12   19.040

[2031 rows x 8 columns]
        PERMNO      date                   COMNAM  ...    PRC    ASK  OPENPRC
201987   11077  20070111  A S M INTERNATIONAL N V  ...  20.98  21.02    21.14
201988   11077  20070112  A S M INTERNATIONAL N V  ...  21.09  21.09    21.05
201989   11077  20070116  A S M INTERNATIONAL N V  ...  21.08  21.08    21.21
201990   11077  20070117  A S M INTERNATIONAL N V  ...  22.02  22.04    21.42
201991   11077  20070118  A S M INTERNATIONAL N V  ...  21.89  21.93    22.39
...        ...       ...                      ...  ...    ...    ...      ...
204013   11077  20150129  A S M INTERNATIONAL N V  ...  41.14  41.14    41.07
204014   11077  20150130  A S M INTERNATIONAL N V  ...  41.80  40.98    41.07
204015   11077  20150202  A S M INTERNATIONAL N V  ...  40.32  40.59    40.32
204016   11077  20150203  A S M INTERNATIONAL N V  ...  40.78  40.84    40.32
204017   11077  20150204  A S M INTERNATIONAL N V  ...  40.10  40.23    40.20

[2031 rows x 8 columns]
        PERMNO      date       COMNAM  ...        PRC        ASK    OPENPRC
214898   11587  20070111  ATRION CORP  ...   88.91400   88.99000   89.31000
214899   11587  20070112  ATRION CORP  ...   88.25000   88.33000   88.84000
214900   11587  20070116  ATRION CORP  ...   91.00000   91.56000   88.50000
214901   11587  20070117  ATRION CORP  ...   91.98000   91.98000   91.98000
214902   11587  20070118  ATRION CORP  ...   90.99500   91.80000   90.99000
...        ...       ...          ...  ...        ...        ...        ...
216924   11587  20150129  ATRION CORP  ...  337.54999  338.20001  335.10001
216925   11587  20150130  ATRION CORP  ...  335.00000  343.00000  337.25000
216926   11587  20150202  ATRION CORP  ...  339.44000  341.00000  335.00000
216927   11587  20150203  ATRION CORP  ...  335.20999  335.20999  336.48001
216928   11587  20150204  ATRION CORP  ...  335.04999  336.85999  335.13000

[2031 rows x 8 columns]
        PERMNO      date          COMNAM  ...      PRC    ASK  OPENPRC
220496   15457  20070111  ASTRONICS CORP  ...  18.6000  18.60    17.99
220497   15457  20070112  ASTRONICS CORP  ...  18.5400  18.64    18.50
220498   15457  20070116  ASTRONICS CORP  ...  18.6000  18.68    18.69
220499   15457  20070117  ASTRONICS CORP  ...  18.1900  18.19    18.32
220500   15457  20070118  ASTRONICS CORP  ...  18.4314  18.50    18.19
...        ...       ...             ...  ...      ...    ...      ...
222522   15457  20150129  ASTRONICS CORP  ...  56.9500  56.96    54.99
222523   15457  20150130  ASTRONICS CORP  ...  55.6900  55.81    56.42
222524   15457  20150202  ASTRONICS CORP  ...  53.9200  53.95    55.97
222525   15457  20150203  ASTRONICS CORP  ...  55.0000  55.14    54.30
222526   15457  20150204  ASTRONICS CORP  ...  54.9500  54.95    54.63

[2031 rows x 8 columns]
        PERMNO      date     COMNAM TRDSTAT  PERMCO      PRC      ASK  OPENPRC
226094   20504  20070111  CACHE INC       A     398  24.6200  24.6500  23.2500
226095   20504  20070112  CACHE INC       A     398  25.0300  25.0300  24.4800
226096   20504  20070116  CACHE INC       A     398  24.0600  24.0600  25.0100
226097   20504  20070117  CACHE INC       A     398  24.0500  24.0800  24.0700
226098   20504  20070118  CACHE INC       A     398  23.8100  23.8100  24.0700
...        ...       ...        ...     ...     ...      ...      ...      ...
228120   20504  20150129  CACHE INC       A     398   0.0505   0.0505   0.0448
228121   20504  20150130  CACHE INC       A     398   0.0431   0.0460   0.0540
228122   20504  20150202  CACHE INC       A     398   0.0509   0.0481   0.0411
228123   20504  20150203  CACHE INC       A     398   0.0490   0.0456   0.0500
228124   20504  20150204  CACHE INC       A     398   0.0261   0.0291   0.0418

[2031 rows x 8 columns]
        PERMNO      date               COMNAM  ...    PRC    ASK  OPENPRC
229890   15721  20070111  ATWOOD OCEANICS INC  ...  44.20  44.20    44.50
229891   15721  20070112  ATWOOD OCEANICS INC  ...  45.07  45.13    44.45
229892   15721  20070116  ATWOOD OCEANICS INC  ...  44.28  44.28    45.08
229893   15721  20070117  ATWOOD OCEANICS INC  ...  44.65  44.64    44.10
229894   15721  20070118  ATWOOD OCEANICS INC  ...  43.97  43.97    44.71
...        ...       ...                  ...  ...    ...    ...      ...
231916   15721  20150129  ATWOOD OCEANICS INC  ...  27.53  27.52    28.00
231917   15721  20150130  ATWOOD OCEANICS INC  ...  28.58  28.58    27.31
231918   15721  20150202  ATWOOD OCEANICS INC  ...  28.62  28.60    29.01
231919   15721  20150203  ATWOOD OCEANICS INC  ...  29.43  29.41    28.62
231920   15721  20150204  ATWOOD OCEANICS INC  ...  29.21  29.21    28.61

[2031 rows x 8 columns]
        PERMNO      date     COMNAM TRDSTAT  PERMCO    PRC    ASK  OPENPRC
242362   16126  20070111  A Z Z INC       A     430  51.14  51.03    50.63
242363   16126  20070112  A Z Z INC       A     430  51.40  51.40    51.14
242364   16126  20070116  A Z Z INC       A     430  52.06  52.08    51.99
242365   16126  20070117  A Z Z INC       A     430  51.51  51.49    52.06
242366   16126  20070118  A Z Z INC       A     430  51.22  51.22    51.51
...        ...       ...        ...     ...     ...    ...    ...      ...
244388   16126  20150129  A Z Z INC       A     430  42.86  42.89    42.10
244389   16126  20150130  A Z Z INC       A     430  42.19  42.19    42.46
244390   16126  20150202  A Z Z INC       A     430  43.24  43.24    42.37
244391   16126  20150203  A Z Z INC       A     430  44.73  44.73    43.46
244392   16126  20150204  A Z Z INC       A     430  42.62  42.62    44.33

[2031 rows x 8 columns]
        PERMNO      date                         COMNAM  ...    PRC    ASK  OPENPRC
253684   52230  20070111  ROBERT HALF INTERNATIONAL INC  ...  38.93  38.94    38.25
253685   52230  20070112  ROBERT HALF INTERNATIONAL INC  ...  38.67  38.63    38.90
253686   52230  20070116  ROBERT HALF INTERNATIONAL INC  ...  38.11  38.12    38.53
253687   52230  20070117  ROBERT HALF INTERNATIONAL INC  ...  38.14  38.15    38.11
253688   52230  20070118  ROBERT HALF INTERNATIONAL INC  ...  37.23  37.20    38.14
...        ...       ...                            ...  ...    ...    ...      ...
255710   52230  20150129  ROBERT HALF INTERNATIONAL INC  ...  59.21  59.23    57.32
255711   52230  20150130  ROBERT HALF INTERNATIONAL INC  ...  58.06  58.07    57.43
255712   52230  20150202  ROBERT HALF INTERNATIONAL INC  ...  59.48  59.48    58.33
255713   52230  20150203  ROBERT HALF INTERNATIONAL INC  ...  60.60  60.59    59.12
255714   52230  20150204  ROBERT HALF INTERNATIONAL INC  ...  61.15  61.15    60.38

[2031 rows x 8 columns]
        PERMNO      date       COMNAM TRDSTAT  PERMCO    PRC    ASK  OPENPRC
259282   16505  20070111  POPULAR INC       A     475  18.04  18.06    17.79
259283   16505  20070112  POPULAR INC       A     475  18.15  18.15    18.07
259284   16505  20070116  POPULAR INC       A     475  18.02  18.02    18.17
259285   16505  20070117  POPULAR INC       A     475  17.73  17.75    17.87
259286   16505  20070118  POPULAR INC       A     475  17.84  17.85    17.70
...        ...       ...          ...     ...     ...    ...    ...      ...
261308   16505  20150129  POPULAR INC       A     475  31.00  31.00    30.71
261309   16505  20150130  POPULAR INC       A     475  30.83  30.84    30.79
261310   16505  20150202  POPULAR INC       A     475  31.60  31.60    30.87
261311   16505  20150203  POPULAR INC       A     475  32.15  32.15    31.57
261312   16505  20150204  POPULAR INC       A     475  31.93  31.93    32.08

[2031 rows x 8 columns]
[[  3.74    3.15    3.38  ...   3.97    3.9     3.99 ]
 [ 95.97   94.59   95.685 ... 118.05  118.5   118.5  ]
 [  8.97    9.13    9.47  ...  19.4    20.13   20.48 ]
 ...
 [ 50.63   51.14   51.99  ...  42.37   43.46   44.33 ]
 [ 38.25   38.9    38.53  ...  58.33   59.12   60.38 ]
 [ 17.79   18.07   18.17  ...  30.87   31.57   32.08 ]]
